2026-06-14 21:23:37,591 - GestureVerse - [WARNING] - MainThread - Model file not found at: non_existent.joblib. Predictor will run in dummy/uninitialized mode.
2026-06-14 21:23:37,595 - GestureVerse - [WARNING] - MainThread - Model file not found at: non_existent.joblib. Predictor will run in dummy/uninitialized mode.
2026-06-14 21:23:37,596 - GestureVerse - [WARNING] - MainThread - Model file not found at: non_existent.joblib. Predictor will run in dummy/uninitialized mode.
2026-06-14 21:23:37,626 - GestureVerse - [INFO] - MainThread - Dataset validation report successfully written to C:\Users\Gurup\AppData\Local\Temp\tmp6378qkub\validation_report.md
2026-06-14 21:23:37,651 - GestureVerse - [INFO] - MainThread - Dataset validation report successfully written to C:\Users\Gurup\AppData\Local\Temp\tmp8rjltqus\validation_report.md
2026-06-14 21:23:37,652 - GestureVerse - [INFO] - MainThread - Dataset validation report successfully written to C:\Users\Gurup\AppData\Local\Temp\tmpu4g_3ae6\validation_report.md
2026-06-14 21:23:52,840 - GestureVerse - [WARNING] - MainThread - Model file not found at: non_existent.joblib. Predictor will run in dummy/uninitialized mode.
2026-06-14 21:23:52,841 - GestureVerse - [WARNING] - MainThread - Model file not found at: non_existent.joblib. Predictor will run in dummy/uninitialized mode.
2026-06-14 21:23:52,842 - GestureVerse - [WARNING] - MainThread - Model file not found at: non_existent.joblib. Predictor will run in dummy/uninitialized mode.
2026-06-14 21:23:52,852 - GestureVerse - [INFO] - MainThread - Dataset validation report successfully written to C:\Users\Gurup\AppData\Local\Temp\tmp6oay0qrr\validation_report.md
2026-06-14 21:23:52,861 - GestureVerse - [INFO] - MainThread - Dataset validation report successfully written to C:\Users\Gurup\AppData\Local\Temp\tmp7mous5mv\validation_report.md
2026-06-14 21:23:52,863 - GestureVerse - [INFO] - MainThread - Dataset validation report successfully written to C:\Users\Gurup\AppData\Local\Temp\tmptsw79cy1\validation_report.md
2026-06-14 21:24:09,895 - GestureVerse - [INFO] - MainThread - Generating realistic mock dataset for sign letters A-Z...
2026-06-14 21:24:09,895 - GestureVerse - [INFO] - MainThread - Created directory: datasets
2026-06-14 21:24:09,896 - GestureVerse - [INFO] - MainThread - Initialized CSV file with headers at: datasets/hand_gestures.csv
2026-06-14 21:24:09,896 - GestureVerse - [INFO] - MainThread - Generating 1000 samples for letter 'A'...
2026-06-14 21:24:10,114 - GestureVerse - [INFO] - MainThread - Generating 1000 samples for letter 'B'...
2026-06-14 21:24:10,307 - GestureVerse - [INFO] - MainThread - Generating 1000 samples for letter 'C'...
2026-06-14 21:24:10,497 - GestureVerse - [INFO] - MainThread - Generating 1000 samples for letter 'D'...
2026-06-14 21:24:10,682 - GestureVerse - [INFO] - MainThread - Generating 1000 samples for letter 'E'...
2026-06-14 21:24:10,878 - GestureVerse - [INFO] - MainThread - Generating 1000 samples for letter 'F'...
2026-06-14 21:24:11,064 - GestureVerse - [INFO] - MainThread - Generating 1000 samples for letter 'G'...
2026-06-14 21:24:11,245 - GestureVerse - [INFO] - MainThread - Generating 1000 samples for letter 'H'...
2026-06-14 21:24:11,421 - GestureVerse - [INFO] - MainThread - Generating 1000 samples for letter 'I'...
2026-06-14 21:24:11,601 - GestureVerse - [INFO] - MainThread - Generating 1000 samples for letter 'J'...
2026-06-14 21:24:11,777 - GestureVerse - [INFO] - MainThread - Generating 1000 samples for letter 'K'...
2026-06-14 21:24:11,951 - GestureVerse - [INFO] - MainThread - Generating 1000 samples for letter 'L'...
2026-06-14 21:24:12,131 - GestureVerse - [INFO] - MainThread - Generating 1000 samples for letter 'M'...
2026-06-14 21:24:12,329 - GestureVerse - [INFO] - MainThread - Generating 1000 samples for letter 'N'...
2026-06-14 21:24:12,522 - GestureVerse - [INFO] - MainThread - Generating 1000 samples for letter 'O'...
2026-06-14 21:24:12,704 - GestureVerse - [INFO] - MainThread - Generating 1000 samples for letter 'P'...
2026-06-14 21:24:12,993 - GestureVerse - [INFO] - MainThread - Generating 1000 samples for letter 'Q'...
2026-06-14 21:24:13,364 - GestureVerse - [INFO] - MainThread - Generating 1000 samples for letter 'R'...
2026-06-14 21:24:13,703 - GestureVerse - [INFO] - MainThread - Generating 1000 samples for letter 'S'...
2026-06-14 21:24:14,054 - GestureVerse - [INFO] - MainThread - Generating 1000 samples for letter 'T'...
2026-06-14 21:24:14,321 - GestureVerse - [INFO] - MainThread - Generating 1000 samples for letter 'U'...
2026-06-14 21:24:14,686 - GestureVerse - [INFO] - MainThread - Generating 1000 samples for letter 'V'...
2026-06-14 21:24:15,024 - GestureVerse - [INFO] - MainThread - Generating 1000 samples for letter 'W'...
2026-06-14 21:24:15,369 - GestureVerse - [INFO] - MainThread - Generating 1000 samples for letter 'X'...
2026-06-14 21:24:15,680 - GestureVerse - [INFO] - MainThread - Generating 1000 samples for letter 'Y'...
2026-06-14 21:24:16,036 - GestureVerse - [INFO] - MainThread - Generating 1000 samples for letter 'Z'...
2026-06-14 21:24:16,338 - GestureVerse - [INFO] - MainThread - Dataset generation complete! Added 26000 samples across 26 classes in 6.44s.
2026-06-14 21:24:16,338 - GestureVerse - [INFO] - MainThread - Dataset saved at 'datasets/hand_gestures.csv'. Ready to validate and train.
2026-06-14 21:24:26,872 - GestureVerse - [INFO] - MainThread - Loading dataset for preprocessing...
2026-06-14 21:24:27,091 - GestureVerse - [INFO] - MainThread - Extracting features for 26000 samples...
2026-06-14 21:24:37,459 - GestureVerse - [INFO] - MainThread - Feature extraction completed in 10.37s. Feature shape: (26000, 107)
2026-06-14 21:24:37,473 - GestureVerse - [INFO] - MainThread - Training model: RandomForest...
2026-06-14 21:24:39,017 - GestureVerse - [INFO] - MainThread - RandomForest Results -> Accuracy: 1.0000, F1-Score: 1.0000, Time: 1.48s
2026-06-14 21:24:39,017 - GestureVerse - [INFO] - MainThread - Training model: SVM...
2026-06-14 21:24:49,270 - GestureVerse - [INFO] - MainThread - SVM Results -> Accuracy: 1.0000, F1-Score: 1.0000, Time: 8.01s
2026-06-14 21:24:49,270 - GestureVerse - [INFO] - MainThread - Training model: XGBoost...
2026-06-14 21:24:58,569 - GestureVerse - [INFO] - MainThread - XGBoost Results -> Accuracy: 0.9992, F1-Score: 0.9992, Time: 9.28s
2026-06-14 21:24:58,570 - GestureVerse - [INFO] - MainThread - Training model: MLP...
2026-06-14 21:25:01,824 - GestureVerse - [INFO] - MainThread - MLP Results -> Accuracy: 0.9990, F1-Score: 0.9990, Time: 3.24s
2026-06-14 21:25:01,824 - GestureVerse - [INFO] - MainThread - Best model selected: RandomForest with F1-Score: 1.0000
2026-06-14 21:25:01,865 - GestureVerse - [INFO] - MainThread - Saved best model package to: models\best_model.joblib
2026-06-14 21:25:03,776 - GestureVerse - [INFO] - MainThread - Saved confusion matrix plot to logs\confusion_matrix.png
2026-06-14 21:25:03,805 - GestureVerse - [INFO] - MainThread - Detailed training report written to: logs\training_report.md
2026-06-14 21:27:09,076 - GestureVerse - [INFO] - MainThread - Initializing GestureVerse Application...
2026-06-14 21:27:09,101 - GestureVerse - [INFO] - MainThread - Successfully loaded model 'RandomForest' from: models/best_model.joblib
2026-06-14 21:30:26,533 - GestureVerse - [WARNING] - MainThread - Model file not found at: non_existent.joblib. Predictor will run in dummy/uninitialized mode.
2026-06-14 21:30:26,534 - GestureVerse - [WARNING] - MainThread - Model file not found at: non_existent.joblib. Predictor will run in dummy/uninitialized mode.
2026-06-14 21:30:26,535 - GestureVerse - [WARNING] - MainThread - Model file not found at: non_existent.joblib. Predictor will run in dummy/uninitialized mode.
2026-06-14 21:30:26,557 - GestureVerse - [INFO] - MainThread - Dataset validation report successfully written to C:\Users\Gurup\AppData\Local\Temp\tmpn14ca7ed\validation_report.md
2026-06-14 21:30:26,565 - GestureVerse - [INFO] - MainThread - Dataset validation report successfully written to C:\Users\Gurup\AppData\Local\Temp\tmph4i8do7d\validation_report.md
2026-06-14 21:30:26,566 - GestureVerse - [INFO] - MainThread - Dataset validation report successfully written to C:\Users\Gurup\AppData\Local\Temp\tmpj7ihp3oe\validation_report.md
2026-06-15 12:16:34,133 - GestureVerse - [WARNING] - MainThread - Model file not found at: non_existent.joblib. Predictor will run in dummy/uninitialized mode.
2026-06-15 12:16:34,137 - GestureVerse - [WARNING] - MainThread - Model file not found at: non_existent.joblib. Predictor will run in dummy/uninitialized mode.
2026-06-15 12:16:34,138 - GestureVerse - [WARNING] - MainThread - Model file not found at: non_existent.joblib. Predictor will run in dummy/uninitialized mode.
2026-06-15 12:16:34,170 - GestureVerse - [INFO] - MainThread - Dataset validation report successfully written to C:\Users\Gurup\AppData\Local\Temp\tmp8qn41bix\validation_report.md
2026-06-15 12:16:34,210 - GestureVerse - [INFO] - MainThread - Dataset validation report successfully written to C:\Users\Gurup\AppData\Local\Temp\tmp1gvt1ujk\validation_report.md
2026-06-15 12:16:34,212 - GestureVerse - [INFO] - MainThread - Dataset validation report successfully written to C:\Users\Gurup\AppData\Local\Temp\tmpo1kwb3ys\validation_report.md
2026-06-15 12:17:10,746 - GestureVerse - [INFO] - MainThread - Generating realistic mock dataset for sign letters A-Z...
2026-06-15 12:17:10,746 - GestureVerse - [INFO] - MainThread - Generating 1000 samples for letter 'A'...
2026-06-15 12:17:10,979 - GestureVerse - [INFO] - MainThread - Generating 1000 samples for letter 'B'...
2026-06-15 12:17:11,178 - GestureVerse - [INFO] - MainThread - Generating 1000 samples for letter 'C'...
2026-06-15 12:17:11,368 - GestureVerse - [INFO] - MainThread - Generating 1000 samples for letter 'D'...
2026-06-15 12:17:11,563 - GestureVerse - [INFO] - MainThread - Generating 1000 samples for letter 'E'...
2026-06-15 12:17:11,749 - GestureVerse - [INFO] - MainThread - Generating 1000 samples for letter 'F'...
2026-06-15 12:17:11,937 - GestureVerse - [INFO] - MainThread - Generating 1000 samples for letter 'G'...
2026-06-15 12:17:12,123 - GestureVerse - [INFO] - MainThread - Generating 1000 samples for letter 'H'...
2026-06-15 12:17:12,312 - GestureVerse - [INFO] - MainThread - Generating 1000 samples for letter 'I'...
2026-06-15 12:17:12,499 - GestureVerse - [INFO] - MainThread - Generating 1000 samples for letter 'J'...
2026-06-15 12:17:12,686 - GestureVerse - [INFO] - MainThread - Generating 1000 samples for letter 'K'...
2026-06-15 12:17:12,872 - GestureVerse - [INFO] - MainThread - Generating 1000 samples for letter 'L'...
2026-06-15 12:17:13,059 - GestureVerse - [INFO] - MainThread - Generating 1000 samples for letter 'M'...
2026-06-15 12:17:13,245 - GestureVerse - [INFO] - MainThread - Generating 1000 samples for letter 'N'...
2026-06-15 12:17:13,429 - GestureVerse - [INFO] - MainThread - Generating 1000 samples for letter 'O'...
2026-06-15 12:17:13,614 - GestureVerse - [INFO] - MainThread - Generating 1000 samples for letter 'P'...
2026-06-15 12:17:13,814 - GestureVerse - [INFO] - MainThread - Generating 1000 samples for letter 'Q'...
2026-06-15 12:17:13,995 - GestureVerse - [INFO] - MainThread - Generating 1000 samples for letter 'R'...
2026-06-15 12:17:14,190 - GestureVerse - [INFO] - MainThread - Generating 1000 samples for letter 'S'...
2026-06-15 12:17:14,373 - GestureVerse - [INFO] - MainThread - Generating 1000 samples for letter 'T'...
2026-06-15 12:17:14,554 - GestureVerse - [INFO] - MainThread - Generating 1000 samples for letter 'U'...
2026-06-15 12:17:14,737 - GestureVerse - [INFO] - MainThread - Generating 1000 samples for letter 'V'...
2026-06-15 12:17:14,920 - GestureVerse - [INFO] - MainThread - Generating 1000 samples for letter 'W'...
2026-06-15 12:17:15,112 - GestureVerse - [INFO] - MainThread - Generating 1000 samples for letter 'X'...
2026-06-15 12:17:15,294 - GestureVerse - [INFO] - MainThread - Generating 1000 samples for letter 'Y'...
2026-06-15 12:17:15,481 - GestureVerse - [INFO] - MainThread - Generating 1000 samples for letter 'Z'...
2026-06-15 12:17:15,663 - GestureVerse - [INFO] - MainThread - Dataset generation complete! Added 26000 samples across 26 classes in 4.92s.
2026-06-15 12:17:15,663 - GestureVerse - [INFO] - MainThread - Dataset saved at 'datasets/hand_gestures.csv'. Ready to validate and train.
2026-06-15 12:17:36,543 - GestureVerse - [INFO] - MainThread - Loading dataset for preprocessing...
2026-06-15 12:17:37,084 - GestureVerse - [INFO] - MainThread - Extracting features for 52000 samples...
2026-06-15 12:17:54,809 - GestureVerse - [INFO] - MainThread - Feature extraction completed in 17.72s. Feature shape: (52000, 107)
2026-06-15 12:17:54,843 - GestureVerse - [INFO] - MainThread - Training model: RandomForest...
2026-06-15 12:17:57,698 - GestureVerse - [INFO] - MainThread - RandomForest Results -> Accuracy: 1.0000, F1-Score: 1.0000, Time: 2.78s
2026-06-15 12:17:57,698 - GestureVerse - [INFO] - MainThread - Training model: SVM...
2026-06-15 12:18:14,843 - GestureVerse - [INFO] - MainThread - SVM Results -> Accuracy: 1.0000, F1-Score: 1.0000, Time: 13.05s
2026-06-15 12:18:14,843 - GestureVerse - [INFO] - MainThread - Training model: XGBoost...
2026-06-15 12:18:32,155 - GestureVerse - [INFO] - MainThread - XGBoost Results -> Accuracy: 0.9994, F1-Score: 0.9994, Time: 17.27s
2026-06-15 12:18:32,155 - GestureVerse - [INFO] - MainThread - Training model: MLP...
2026-06-15 12:18:46,286 - GestureVerse - [INFO] - MainThread - MLP Results -> Accuracy: 1.0000, F1-Score: 1.0000, Time: 14.11s
2026-06-15 12:18:46,286 - GestureVerse - [INFO] - MainThread - Best model selected: RandomForest with F1-Score: 1.0000
2026-06-15 12:18:46,330 - GestureVerse - [INFO] - MainThread - Saved best model package to: models\best_model.joblib
2026-06-15 12:18:49,275 - GestureVerse - [INFO] - MainThread - Saved confusion matrix plot to logs\confusion_matrix.png
2026-06-15 12:18:49,309 - GestureVerse - [INFO] - MainThread - Detailed training report written to: logs\training_report.md
2026-06-15 12:21:35,937 - GestureVerse - [INFO] - MainThread - Created directory: C:\Users\Gurup\AppData\Local\Temp\tmpuqavou5d\subdir
2026-06-15 12:21:35,937 - GestureVerse - [INFO] - MainThread - Initialized CSV file with headers at: C:\Users\Gurup\AppData\Local\Temp\tmpuqavou5d\subdir\gestures.csv
2026-06-15 12:21:35,952 - GestureVerse - [INFO] - MainThread - Created directory: C:\Users\Gurup\AppData\Local\Temp\tmpan7qeiea\subdir
2026-06-15 12:21:35,952 - GestureVerse - [INFO] - MainThread - Initialized CSV file with headers at: C:\Users\Gurup\AppData\Local\Temp\tmpan7qeiea\subdir\gestures.csv
2026-06-15 12:21:35,954 - GestureVerse - [INFO] - MainThread - Created directory: C:\Users\Gurup\AppData\Local\Temp\tmpbz4b_rol\subdir
2026-06-15 12:21:35,955 - GestureVerse - [INFO] - MainThread - Initialized CSV file with headers at: C:\Users\Gurup\AppData\Local\Temp\tmpbz4b_rol\subdir\gestures.csv
2026-06-15 12:21:35,955 - GestureVerse - [ERROR] - MainThread - Failed to write sample to CSV: Sample length (64) does not match header length (67)
2026-06-15 12:21:35,955 - GestureVerse - [ERROR] - MainThread - Failed to write sample to CSV: Invalid landmark format in sample: 0.0
2026-06-15 12:21:35,957 - GestureVerse - [WARNING] - MainThread - Model file not found at: non_existent.joblib. Predictor will run in dummy/uninitialized mode.
2026-06-15 12:21:35,959 - GestureVerse - [WARNING] - MainThread - Model file not found at: non_existent.joblib. Predictor will run in dummy/uninitialized mode.
2026-06-15 12:21:35,959 - GestureVerse - [WARNING] - MainThread - Model file not found at: non_existent.joblib. Predictor will run in dummy/uninitialized mode.
2026-06-15 12:21:35,963 - GestureVerse - [INFO] - MainThread - Initialized CSV file with headers at: C:\Users\Gurup\AppData\Local\Temp\tmpq_7r8hft\test_hand_gestures.csv
2026-06-15 12:21:35,969 - GestureVerse - [INFO] - MainThread - Loading dataset for preprocessing...
2026-06-15 12:21:35,979 - GestureVerse - [INFO] - MainThread - Extracting features for 20 samples...
2026-06-15 12:21:35,985 - GestureVerse - [INFO] - MainThread - Feature extraction completed in 0.01s. Feature shape: (20, 107)
2026-06-15 12:21:35,987 - GestureVerse - [INFO] - MainThread - Loading dataset for preprocessing...
2026-06-15 12:21:35,989 - GestureVerse - [INFO] - MainThread - Extracting features for 20 samples...
2026-06-15 12:21:35,995 - GestureVerse - [INFO] - MainThread - Feature extraction completed in 0.01s. Feature shape: (20, 107)
2026-06-15 12:21:35,995 - GestureVerse - [INFO] - MainThread - Training model: RandomForest...
2026-06-15 12:21:36,101 - GestureVerse - [INFO] - MainThread - RandomForest Results -> Accuracy: 1.0000, F1-Score: 1.0000, Time: 0.09s
2026-06-15 12:21:36,101 - GestureVerse - [INFO] - MainThread - Training model: SVM...
2026-06-15 12:21:36,103 - GestureVerse - [INFO] - MainThread - SVM Results -> Accuracy: 1.0000, F1-Score: 1.0000, Time: 0.00s
2026-06-15 12:21:36,103 - GestureVerse - [INFO] - MainThread - Training model: XGBoost...
2026-06-15 12:21:36,272 - GestureVerse - [INFO] - MainThread - XGBoost Results -> Accuracy: 0.7500, F1-Score: 0.7333, Time: 0.17s
2026-06-15 12:21:36,272 - GestureVerse - [INFO] - MainThread - Training model: MLP...
2026-06-15 12:21:36,287 - GestureVerse - [INFO] - MainThread - MLP Results -> Accuracy: 1.0000, F1-Score: 1.0000, Time: 0.01s
2026-06-15 12:21:36,288 - GestureVerse - [INFO] - MainThread - Best model selected: RandomForest with F1-Score: 1.0000
2026-06-15 12:21:36,309 - GestureVerse - [INFO] - MainThread - Saved best model package to: C:\Users\Gurup\AppData\Local\Temp\tmpq_7r8hft\models\best_model.joblib
2026-06-15 12:21:36,686 - GestureVerse - [INFO] - MainThread - Saved confusion matrix plot to C:\Users\Gurup\AppData\Local\Temp\tmpq_7r8hft\logs\confusion_matrix.png
2026-06-15 12:21:36,709 - GestureVerse - [INFO] - MainThread - Detailed training report written to: C:\Users\Gurup\AppData\Local\Temp\tmpq_7r8hft\logs\training_report.md
2026-06-15 12:21:36,762 - GestureVerse - [INFO] - MainThread - Dataset validation report successfully written to C:\Users\Gurup\AppData\Local\Temp\tmpd3h0izgh\validation_report.md
2026-06-15 12:21:36,780 - GestureVerse - [INFO] - MainThread - Dataset validation report successfully written to C:\Users\Gurup\AppData\Local\Temp\tmph46jckd2\validation_report.md
2026-06-15 12:21:36,782 - GestureVerse - [INFO] - MainThread - Dataset validation report successfully written to C:\Users\Gurup\AppData\Local\Temp\tmp_1uxva18\validation_report.md
2026-06-15 12:21:46,654 - GestureVerse - [INFO] - MainThread - Loading dataset for preprocessing...
2026-06-15 12:21:47,035 - GestureVerse - [INFO] - MainThread - Extracting features for 52000 samples...
2026-06-15 12:22:01,060 - GestureVerse - [INFO] - MainThread - Feature extraction completed in 14.02s. Feature shape: (52000, 107)
2026-06-15 12:22:01,082 - GestureVerse - [INFO] - MainThread - Training model: RandomForest...
2026-06-15 12:22:03,971 - GestureVerse - [INFO] - MainThread - RandomForest Results -> Accuracy: 1.0000, F1-Score: 1.0000, Time: 2.82s
2026-06-15 12:22:03,971 - GestureVerse - [INFO] - MainThread - Training model: SVM...
2026-06-15 12:22:20,895 - GestureVerse - [INFO] - MainThread - SVM Results -> Accuracy: 1.0000, F1-Score: 1.0000, Time: 13.04s
2026-06-15 12:22:20,895 - GestureVerse - [INFO] - MainThread - Training model: XGBoost...
2026-06-15 12:22:37,276 - GestureVerse - [INFO] - MainThread - XGBoost Results -> Accuracy: 0.9994, F1-Score: 0.9994, Time: 16.33s
2026-06-15 12:22:37,276 - GestureVerse - [INFO] - MainThread - Training model: MLP...
2026-06-15 12:22:42,607 - GestureVerse - [INFO] - MainThread - MLP Results -> Accuracy: 1.0000, F1-Score: 1.0000, Time: 5.32s
2026-06-15 12:22:42,607 - GestureVerse - [INFO] - MainThread - Best model selected: RandomForest with F1-Score: 1.0000
2026-06-15 12:22:42,629 - GestureVerse - [INFO] - MainThread - Saved best model package to: models\best_model.joblib
2026-06-15 12:22:43,429 - GestureVerse - [INFO] - MainThread - Saved confusion matrix plot to logs\confusion_matrix.png
2026-06-15 12:22:43,457 - GestureVerse - [INFO] - MainThread - Detailed training report written to: logs\training_report.md
2026-06-15 12:23:18,149 - GestureVerse - [INFO] - MainThread - Initializing GestureVerse Application...
2026-06-15 12:23:18,185 - GestureVerse - [INFO] - MainThread - Successfully loaded model 'RandomForest' from: models/best_model.joblib
2026-06-15 12:23:18,186 - GestureVerse - [INFO] - MainThread - Starting PyQt6 Window...
2026-06-15 12:23:51,744 - GestureVerse - [INFO] - MainThread - Closing application window. Stopping threads...
2026-06-15 12:23:52,054 - GestureVerse - [INFO] - Dummy-1 - Camera Thread Stopped.
2026-06-15 12:23:52,120 - GestureVerse - [INFO] - MainThread - GestureVerse application exited with status code: 0
